<?xml version="1.0" encoding="UTF-8"?>
<!-- Generated by org.testng.reporters.JUnitReportReporter -->
<testsuite hostname="DESKTOP-U06A8EN" failures="0" tests="1" name="NewTest" time="0.029" errors="0" timestamp="2022-05-30T20:09:22 CEST" skipped="0">
  <testcase classname="NewTest" name="f" time="0.029"/>
  <system-out/>
</testsuite> <!-- NewTest -->
