<?xml version="1.0" encoding="UTF-8"?>
<!-- Generated by org.testng.reporters.JUnitReportReporter -->
<testsuite hostname="DESKTOP-U06A8EN" failures="0" tests="1" name="com.te.TestCases.HomePageTest" time="5.214" errors="0" timestamp="2022-05-30T23:21:49 CEST" skipped="0">
  <testcase classname="com.te.TestCases.HomePageTest" name="verifySearch" time="5.214"/>
  <system-out/>
</testsuite> <!-- com.te.TestCases.HomePageTest -->
