<?xml version="1.0" encoding="UTF-8"?>
<!-- Generated by org.testng.reporters.JUnitReportReporter -->
<testsuite hostname="DESKTOP-U06A8EN" failures="0" tests="3" name="com.te.toolsqa.TextBoxPageTest" time="6.037" errors="0" timestamp="2022-06-01T21:23:09 CEST" skipped="0">
  <testcase classname="com.te.toolsqa.TextBoxPageTest" name="VerifyAbleToPopulateTextBoxes" time="1.690"/>
  <system-out/>
  <testcase classname="com.te.toolsqa.TextBoxPageTest" name="VerifyAbleToPopulateFormWithAllParameters" time="2.819"/>
  <system-out/>
  <testcase classname="com.te.toolsqa.TextBoxPageTest" name="VerifyAbleToPopulateFormWithSkipParameters" time="1.528"/>
  <system-out/>
</testsuite> <!-- com.te.toolsqa.TextBoxPageTest -->
