<?xml version="1.0" encoding="UTF-8"?>
<!-- Generated by org.testng.reporters.JUnitReportReporter -->
<testsuite hostname="DESKTOP-U06A8EN" failures="0" tests="2" name="com.te.TestCases.HomePageTest" time="12.424" errors="0" timestamp="2022-06-01T17:35:02 CEST" skipped="0">
  <testcase classname="com.te.TestCases.HomePageTest" name="VerifyEnterAndSearch1" time="9.417"/>
  <system-out/>
  <testcase classname="com.te.TestCases.HomePageTest" name="VerifyEnterAndSearch" time="3.007"/>
  <system-out/>
</testsuite> <!-- com.te.TestCases.HomePageTest -->
