<?xml version="1.0" encoding="UTF-8"?>
<!-- Generated by org.testng.reporters.JUnitReportReporter -->
<testsuite hostname="DESKTOP-U06A8EN" failures="0" tests="3" name="com.te.toolsqa.TextBoxPageTest" time="5.488" errors="0" timestamp="2022-06-02T18:56:54 CEST" skipped="0">
  <testcase classname="com.te.toolsqa.TextBoxPageTest" name="VerifyAbleToPopulateTextBoxes" time="1.266"/>
  <system-out/>
  <testcase classname="com.te.toolsqa.TextBoxPageTest" name="VerifyAbleToPopulateFormWithAllParameters" time="2.851"/>
  <system-out/>
  <testcase classname="com.te.toolsqa.TextBoxPageTest" name="VerifyAbleToPopulateFormWithSkipParameters" time="1.371"/>
  <system-out/>
</testsuite> <!-- com.te.toolsqa.TextBoxPageTest -->
