<?xml version="1.0" encoding="UTF-8"?>
<!-- Generated by org.testng.reporters.JUnitReportReporter -->
<testsuite hostname="DESKTOP-U06A8EN" failures="0" tests="2" name="com.te.TestCases.HomePageTest" time="5.786" errors="0" timestamp="2022-06-02T19:39:56 CEST" skipped="0">
  <testcase classname="com.te.TestCases.HomePageTest" name="VerifyEnterAndSearch1" time="2.484"/>
  <system-out/>
  <testcase classname="com.te.TestCases.HomePageTest" name="VerifyEnterAndSearch" time="3.302"/>
  <system-out/>
</testsuite> <!-- com.te.TestCases.HomePageTest -->
