<?xml version="1.0" encoding="UTF-8"?>
<!-- Generated by org.testng.reporters.JUnitReportReporter -->
<testsuite hostname="DESKTOP-U06A8EN" failures="0" tests="3" name="com.te.toolsqa.TextBoxPageTest" time="5.856" errors="0" timestamp="2022-06-02T19:39:56 CEST" skipped="0">
  <testcase classname="com.te.toolsqa.TextBoxPageTest" name="VerifyAbleToPopulateTextBoxes" time="1.482"/>
  <system-out/>
  <testcase classname="com.te.toolsqa.TextBoxPageTest" name="VerifyAbleToPopulateFormWithAllParameters" time="2.867"/>
  <system-out/>
  <testcase classname="com.te.toolsqa.TextBoxPageTest" name="VerifyAbleToPopulateFormWithSkipParameters" time="1.507"/>
  <system-out/>
</testsuite> <!-- com.te.toolsqa.TextBoxPageTest -->
