<?xml version="1.0" encoding="UTF-8"?>
<!-- Generated by org.testng.reporters.JUnitReportReporter -->
<testsuite hostname="DESKTOP-U06A8EN" failures="0" tests="3" name="com.te.toolsqa.TextBoxPageTest" time="5.667" errors="0" timestamp="2 Jun 2022 17:06:31 GMT">
  <testcase classname="com.te.toolsqa.TextBoxPageTest" name="VerifyAbleToPopulateFormWithSkipParameters" time="1.350"/>
  <testcase classname="com.te.toolsqa.TextBoxPageTest" name="VerifyAbleToPopulateTextBoxes" time="1.311"/>
  <testcase classname="com.te.toolsqa.TextBoxPageTest" name="VerifyAbleToPopulateFormWithAllParameters" time="3.006"/>
</testsuite> <!-- com.te.toolsqa.TextBoxPageTest -->
