<?xml version="1.0" encoding="UTF-8"?>
<!-- Generated by org.testng.reporters.JUnitReportReporter -->
<testsuite hostname="DESKTOP-U06A8EN" failures="0" tests="1" name="com.te.TestCases.HomePageTest" time="1.459" errors="0" timestamp="2022-05-31T17:48:56 CEST" skipped="0">
  <testcase classname="com.te.TestCases.HomePageTest" name="VerifyEnterAndSearch" time="1.459"/>
  <system-out/>
</testsuite> <!-- com.te.TestCases.HomePageTest -->
