<?xml version="1.0" encoding="UTF-8"?>
<!-- Generated by org.testng.reporters.JUnitReportReporter -->
<testsuite hostname="DESKTOP-U06A8EN" failures="0" tests="3" name="com.te.toolsqa.TextBoxPageTest" time="6.280" errors="0" timestamp="2022-06-01T21:42:33 CEST" skipped="0">
  <testcase classname="com.te.toolsqa.TextBoxPageTest" name="VerifyAbleToPopulateFormWithAllParameters" time="3.353"/>
  <system-out/>
  <testcase classname="com.te.toolsqa.TextBoxPageTest" name="VerifyAbleToPopulateFormWithSkipParameters" time="1.616"/>
  <system-out/>
  <testcase classname="com.te.toolsqa.TextBoxPageTest" name="VerifyAbleToPopulateTextBoxes" time="1.311"/>
  <system-out/>
</testsuite> <!-- com.te.toolsqa.TextBoxPageTest -->
