<?xml version="1.0" encoding="UTF-8"?>
<!-- Generated by org.testng.reporters.JUnitReportReporter -->
<testsuite hostname="DESKTOP-U06A8EN" name="com.te.toolsqa.TextBoxPageTest" tests="3" failures="0" timestamp="2 Jun 2022 17:44:04 GMT" time="6.047" errors="0">
  <testcase name="VerifyAbleToPopulateFormWithSkipParameters" time="1.339" classname="com.te.toolsqa.TextBoxPageTest"/>
  <testcase name="VerifyAbleToPopulateFormWithAllParameters" time="2.915" classname="com.te.toolsqa.TextBoxPageTest"/>
  <testcase name="VerifyAbleToPopulateTextBoxes" time="1.793" classname="com.te.toolsqa.TextBoxPageTest"/>
</testsuite> <!-- com.te.toolsqa.TextBoxPageTest -->
