<?xml version="1.0" encoding="UTF-8"?>
<!-- Generated by org.testng.reporters.JUnitReportReporter -->
<testsuite hostname="DESKTOP-U06A8EN" failures="0" tests="2" name="com.te.TestCases.HomePageTest" time="5.870" errors="0" timestamp="2 Jun 2022 17:06:31 GMT">
  <testcase classname="com.te.TestCases.HomePageTest" name="VerifyEnterAndSearch" time="3.579"/>
  <testcase classname="com.te.TestCases.HomePageTest" name="VerifyEnterAndSearch1" time="2.291"/>
</testsuite> <!-- com.te.TestCases.HomePageTest -->
