<?xml version="1.0" encoding="UTF-8"?>
<!-- Generated by org.testng.reporters.JUnitReportReporter -->
<testsuite hostname="DESKTOP-U06A8EN" failures="0" tests="1" name="NewTest" time="0.004" errors="0" timestamp="2022-05-31T17:48:56 CEST" skipped="0">
  <testcase classname="NewTest" name="f" time="0.004"/>
  <system-out/>
</testsuite> <!-- NewTest -->
