<?xml version="1.0" encoding="UTF-8"?>
<!-- Generated by org.testng.reporters.JUnitReportReporter -->
<testsuite hostname="DESKTOP-U06A8EN" name="com.te.TestCases.HomePageTest" tests="2" failures="0" timestamp="2 Jun 2022 17:44:04 GMT" time="5.837" errors="0">
  <testcase name="VerifyEnterAndSearch" time="3.496" classname="com.te.TestCases.HomePageTest"/>
  <testcase name="VerifyEnterAndSearch1" time="2.341" classname="com.te.TestCases.HomePageTest"/>
</testsuite> <!-- com.te.TestCases.HomePageTest -->
